[20-Jan-2021 23:06:08 Europe/Berlin] Error logs file not found, creating one in C:\xampp\htdocs\covid\connect.php
[21-Jan-2021 00:07:41 Africa/Cairo] PHP Warning:  move_uploaded_file(images/download.jfif): failed to open stream: No such file or directory in C:\xampp\htdocs\covid\signup.php on line 19
[21-Jan-2021 00:07:41 Africa/Cairo] PHP Warning:  move_uploaded_file(): Unable to move 'C:\xampp\tmp\php18EC.tmp' to 'images/download.jfif' in C:\xampp\htdocs\covid\signup.php on line 19
[21-Jan-2021 00:16:03 Africa/Cairo] PHP Warning:  move_uploaded_file(images/download.jfif): failed to open stream: No such file or directory in C:\xampp\htdocs\covid\register.php on line 19
[21-Jan-2021 00:16:03 Africa/Cairo] PHP Warning:  move_uploaded_file(): Unable to move 'C:\xampp\tmp\phpC3EF.tmp' to 'images/download.jfif' in C:\xampp\htdocs\covid\register.php on line 19
[21-Jan-2021 00:21:29 Africa/Cairo] PHP Warning:  move_uploaded_file(images/download.jfif): failed to open stream: No such file or directory in C:\xampp\htdocs\covid\register.php on line 19
[21-Jan-2021 00:21:29 Africa/Cairo] PHP Warning:  move_uploaded_file(): Unable to move 'C:\xampp\tmp\phpBAB0.tmp' to 'images/download.jfif' in C:\xampp\htdocs\covid\register.php on line 19
[21-Jan-2021 00:30:20 Africa/Cairo] PHP Warning:  move_uploaded_file(images/download.jfif): failed to open stream: No such file or directory in C:\xampp\htdocs\covid\register.php on line 19
[21-Jan-2021 00:30:20 Africa/Cairo] PHP Warning:  move_uploaded_file(): Unable to move 'C:\xampp\tmp\phpD73B.tmp' to 'images/download.jfif' in C:\xampp\htdocs\covid\register.php on line 19
[21-Jan-2021 00:31:32 Africa/Cairo] PHP Warning:  move_uploaded_file(images/download.jfif): failed to open stream: No such file or directory in C:\xampp\htdocs\covid\register.php on line 19
[21-Jan-2021 00:31:32 Africa/Cairo] PHP Warning:  move_uploaded_file(): Unable to move 'C:\xampp\tmp\phpF1C4.tmp' to 'images/download.jfif' in C:\xampp\htdocs\covid\register.php on line 19
[21-Jan-2021 00:42:27 Africa/Cairo] PHP Warning:  move_uploaded_file(images/download-1.png): failed to open stream: No such file or directory in C:\xampp\htdocs\covid\register.php on line 19
[21-Jan-2021 00:42:27 Africa/Cairo] PHP Warning:  move_uploaded_file(): Unable to move 'C:\xampp\tmp\phpF18C.tmp' to 'images/download-1.png' in C:\xampp\htdocs\covid\register.php on line 19
[21-Jan-2021 00:42:53 Africa/Cairo] PHP Warning:  move_uploaded_file(images/download-1.png): failed to open stream: No such file or directory in C:\xampp\htdocs\covid\register.php on line 19
[21-Jan-2021 00:42:53 Africa/Cairo] PHP Warning:  move_uploaded_file(): Unable to move 'C:\xampp\tmp\php55D5.tmp' to 'images/download-1.png' in C:\xampp\htdocs\covid\register.php on line 19
[21-Jan-2021 00:43:41 Africa/Cairo] PHP Warning:  move_uploaded_file(images/download-1.png): failed to open stream: No such file or directory in C:\xampp\htdocs\covid\register.php on line 19
[21-Jan-2021 00:43:41 Africa/Cairo] PHP Warning:  move_uploaded_file(): Unable to move 'C:\xampp\tmp\php100E.tmp' to 'images/download-1.png' in C:\xampp\htdocs\covid\register.php on line 19
[21-Jan-2021 00:45:00 Africa/Cairo] PHP Warning:  move_uploaded_file(images/download-1.png): failed to open stream: No such file or directory in C:\xampp\htdocs\covid\register.php on line 19
[21-Jan-2021 00:45:00 Africa/Cairo] PHP Warning:  move_uploaded_file(): Unable to move 'C:\xampp\tmp\php465C.tmp' to 'images/download-1.png' in C:\xampp\htdocs\covid\register.php on line 19
[14-Mar-2021 02:54:58 Africa/Cairo] PHP Warning:  move_uploaded_file(images/22f203db5133a0670a333db75593c29e.png): failed to open stream: No such file or directory in C:\xampp\htdocs\covid\register.php on line 19
[14-Mar-2021 02:54:58 Africa/Cairo] PHP Warning:  move_uploaded_file(): Unable to move 'C:\xampp\tmp\php6FA1.tmp' to 'images/22f203db5133a0670a333db75593c29e.png' in C:\xampp\htdocs\covid\register.php on line 19
[14-Mar-2021 03:03:28 Africa/Cairo] PHP Warning:  move_uploaded_file(images/22f203db5133a0670a333db75593c29e.png): failed to open stream: No such file or directory in C:\xampp\htdocs\covid\register.php on line 19
[14-Mar-2021 03:03:28 Africa/Cairo] PHP Warning:  move_uploaded_file(): Unable to move 'C:\xampp\tmp\php3959.tmp' to 'images/22f203db5133a0670a333db75593c29e.png' in C:\xampp\htdocs\covid\register.php on line 19
[14-Mar-2021 03:11:23 Africa/Cairo] PHP Parse error:  syntax error, unexpected '}', expecting end of file in C:\xampp\htdocs\covid\nav.php on line 33
[14-Mar-2021 03:11:57 Africa/Cairo] PHP Parse error:  syntax error, unexpected '}', expecting end of file in C:\xampp\htdocs\covid\nav.php on line 33
[14-Mar-2021 03:11:58 Africa/Cairo] PHP Parse error:  syntax error, unexpected '}', expecting end of file in C:\xampp\htdocs\covid\nav.php on line 33
[14-Mar-2021 03:11:58 Africa/Cairo] PHP Parse error:  syntax error, unexpected '}', expecting end of file in C:\xampp\htdocs\covid\nav.php on line 33
[14-Mar-2021 03:11:58 Africa/Cairo] PHP Parse error:  syntax error, unexpected '}', expecting end of file in C:\xampp\htdocs\covid\nav.php on line 33
[14-Mar-2021 03:12:50 Africa/Cairo] PHP Parse error:  syntax error, unexpected '}', expecting end of file in C:\xampp\htdocs\covid\nav.php on line 47
[14-Mar-2021 03:12:51 Africa/Cairo] PHP Parse error:  syntax error, unexpected '}', expecting end of file in C:\xampp\htdocs\covid\nav.php on line 47
[14-Mar-2021 03:12:51 Africa/Cairo] PHP Parse error:  syntax error, unexpected '}', expecting end of file in C:\xampp\htdocs\covid\nav.php on line 47
[14-Mar-2021 03:13:45 Africa/Cairo] PHP Parse error:  syntax error, unexpected '}', expecting end of file in C:\xampp\htdocs\covid\nav.php on line 47
[14-Mar-2021 03:13:46 Africa/Cairo] PHP Parse error:  syntax error, unexpected '}', expecting end of file in C:\xampp\htdocs\covid\nav.php on line 47
[14-Mar-2021 03:13:46 Africa/Cairo] PHP Parse error:  syntax error, unexpected '}', expecting end of file in C:\xampp\htdocs\covid\nav.php on line 47
[14-Mar-2021 03:13:46 Africa/Cairo] PHP Parse error:  syntax error, unexpected '}', expecting end of file in C:\xampp\htdocs\covid\nav.php on line 47
[14-Mar-2021 03:13:54 Africa/Cairo] PHP Parse error:  syntax error, unexpected '}', expecting end of file in C:\xampp\htdocs\covid\nav.php on line 47
[14-Mar-2021 03:39:35 Africa/Cairo] PHP Warning:  move_uploaded_file(images/22f203db5133a0670a333db75593c29e.png): failed to open stream: No such file or directory in C:\xampp\htdocs\covid\register.php on line 19
[14-Mar-2021 03:39:35 Africa/Cairo] PHP Warning:  move_uploaded_file(): Unable to move 'C:\xampp\tmp\php4955.tmp' to 'images/22f203db5133a0670a333db75593c29e.png' in C:\xampp\htdocs\covid\register.php on line 19
[14-Mar-2021 03:50:11 Africa/Cairo] PHP Warning:  Use of undefined constant id - assumed 'id' (this will throw an Error in a future version of PHP) in C:\xampp\htdocs\covid\index.php on line 125
[14-Mar-2021 03:50:11 Africa/Cairo] PHP Warning:  Use of undefined constant email - assumed 'email' (this will throw an Error in a future version of PHP) in C:\xampp\htdocs\covid\index.php on line 126
[14-Mar-2021 03:50:11 Africa/Cairo] PHP Warning:  Use of undefined constant id - assumed 'id' (this will throw an Error in a future version of PHP) in C:\xampp\htdocs\covid\index.php on line 125
[14-Mar-2021 03:50:11 Africa/Cairo] PHP Warning:  Use of undefined constant email - assumed 'email' (this will throw an Error in a future version of PHP) in C:\xampp\htdocs\covid\index.php on line 126
[14-Mar-2021 03:55:30 Africa/Cairo] PHP Warning:  move_uploaded_file(images/90e6ffca4f80f804b6b7bfa4e1da634a.jpg): failed to open stream: No such file or directory in C:\xampp\htdocs\covid\register.php on line 19
[14-Mar-2021 03:55:30 Africa/Cairo] PHP Warning:  move_uploaded_file(): Unable to move 'C:\xampp\tmp\phpDEAD.tmp' to 'images/90e6ffca4f80f804b6b7bfa4e1da634a.jpg' in C:\xampp\htdocs\covid\register.php on line 19
[14-Mar-2021 04:05:28 Africa/Cairo] PHP Notice:  Undefined variable: conn in C:\xampp\htdocs\covid\index.php on line 145
[14-Mar-2021 04:05:28 Africa/Cairo] PHP Fatal error:  Uncaught Error: Call to a member function close() on null in C:\xampp\htdocs\covid\index.php:145
Stack trace:
#0 {main}
  thrown in C:\xampp\htdocs\covid\index.php on line 145
[14-Mar-2021 04:05:29 Africa/Cairo] PHP Notice:  Undefined variable: conn in C:\xampp\htdocs\covid\index.php on line 145
[14-Mar-2021 04:05:29 Africa/Cairo] PHP Fatal error:  Uncaught Error: Call to a member function close() on null in C:\xampp\htdocs\covid\index.php:145
Stack trace:
#0 {main}
  thrown in C:\xampp\htdocs\covid\index.php on line 145
[14-Mar-2021 04:18:19 Africa/Cairo] PHP Notice:  Undefined variable: rows in C:\xampp\htdocs\covid\index.php on line 45
[14-Mar-2021 04:21:57 Africa/Cairo] PHP Notice:  Undefined variable: userType in C:\xampp\htdocs\covid\register.php on line 15
[14-Mar-2021 04:24:33 Africa/Cairo] PHP Notice:  Undefined index: User_type in C:\xampp\htdocs\covid\register.php on line 11
[14-Mar-2021 04:25:55 Africa/Cairo] PHP Notice:  Undefined index: User_type in C:\xampp\htdocs\covid\register.php on line 11
[14-Mar-2021 04:27:09 Africa/Cairo] PHP Notice:  Undefined index: User_type in C:\xampp\htdocs\covid\register.php on line 11
